

                            MrBayes 3.2.7 x86_64

                      (Bayesian Analysis of Phylogeny)

                             (Parallel version)
                         (1 processors available)

              Distributed under the GNU General Public License


               Type "help" or "help <command>" for information
                     on the commands that are available.

                   Type "about" for authorship and general
                       information about the program.



   Executing file "Th67_part1_10_toMrBayes.nex"
   DOS line termination
   Longest line length = 80005
   Parsing file
   Expecting NEXUS formatted file
   Reading taxa block
      Allocated taxon set
      Defining new set of 67 taxa
   Exiting taxa block
   Reading characters block
      Allocated matrix
      Defining new character matrix with 167539 characters
      Data is Dna
      Missing data coded as ?
      Gaps coded as -
      Matching characters coded as .
      Data matrix is interleaved
      Taxon  1 -> 01
      Taxon  2 -> 02
      Taxon  3 -> 03
      Taxon  4 -> 04
      Taxon  5 -> 05
      Taxon  6 -> 06
      Taxon  7 -> 07
      Taxon  8 -> 08
      Taxon  9 -> 09
      Taxon 10 -> 10
      Taxon 11 -> 11
      Taxon 12 -> 12
      Taxon 13 -> 13
      Taxon 14 -> 14
      Taxon 15 -> 15
      Taxon 16 -> 16
      Taxon 17 -> 17
      Taxon 18 -> 18
      Taxon 19 -> 19
      Taxon 20 -> 20
      Taxon 21 -> 21
      Taxon 22 -> 22
      Taxon 23 -> 23
      Taxon 24 -> 24
      Taxon 25 -> 25
      Taxon 26 -> 26
      Taxon 27 -> 27
      Taxon 28 -> 28
      Taxon 29 -> 29
      Taxon 30 -> 30
      Taxon 31 -> 31
      Taxon 32 -> 32
      Taxon 33 -> 33
      Taxon 34 -> 34
      Taxon 35 -> 35
      Taxon 36 -> 36
      Taxon 37 -> 37
      Taxon 38 -> 38
      Taxon 39 -> 39
      Taxon 40 -> 40
      Taxon 41 -> 41
      Taxon 42 -> 42
      Taxon 43 -> 43
      Taxon 44 -> 44
      Taxon 45 -> 45
      Taxon 46 -> 46
      Taxon 47 -> 47
      Taxon 48 -> 48
      Taxon 49 -> 49
      Taxon 50 -> 50
      Taxon 51 -> 51
      Taxon 52 -> 52
      Taxon 53 -> 53
      Taxon 54 -> 54
      Taxon 55 -> 55
      Taxon 56 -> 56
      Taxon 57 -> 57
      Taxon 58 -> 58
      Taxon 59 -> 59
      Taxon 60 -> 60
      Taxon 61 -> 61
      Taxon 62 -> 62
      Taxon 63 -> 63
      Taxon 64 -> 64
      Taxon 65 -> 65
      Taxon 66 -> 66
      Taxon 67 -> 67
      Successfully read matrix
      Setting default partition (does not divide up characters)
      Setting model defaults
      Seed (for generating default start values) = 1715836879
      Setting output file names to "Th67_part1_10_toMrBayes.nex.run<i>.<p|t>"
   Exiting characters block
   Skipping "SETS" block
   Reading mrbayes block
      Logging screen output to file "Arec_Part01_11.log"
      Setting autoclose to yes
      Setting nowarnings to yes
      Setting outgroup to taxon "20"
      Setting Nst to 6
      Setting Rates to Invgamma
      Successfully set likelihood model parameters
      Setting Statefreqpr to Fixed(0.33,0.17,0.16,0.33)
      Successfully set prior model parameters
      Setting Revmatpr to Fixed(0.94,1.54,0.37,0.64,1.52,1.00)
      Successfully set prior model parameters
      Setting Shapepr to Fixed(0.69)
      Successfully set prior model parameters
      Setting Pinvarpr to Fixed(0.35)
      Successfully set prior model parameters
      Setting number of generations to 100000
      Setting print frequency to 10000
      Setting sample frequency to 1000
      Setting number of chains to 4
      Setting heating parameter to 0.100000
      Setting 'Starttree' to "Random"
      Running Markov chain
      MCMC stamp = 7879884093
      Seed = 1450579953
      Swapseed = 1715836879
      Model settings:

         Data not partitioned --
            Datatype  = DNA
            Nucmodel  = 4by4
            Nst       = 6
                        Substitution rates are fixed to be 
                        (0.94,1.54,0.37,0.64,1.52,1.00).
            Covarion  = No
            # States  = 4
                        State frequencies have been fixed by the user
            Rates     = Invgamma
                        The distribution is approximated using 4 categories.
                        Shape parameter is fixed to 0.69.
                        Proportion of invariable sites is fixed to 0.35.

      Active parameters: 

         Parameters
         ---------------------
         Revmat              1
         Statefreq           2
         Shape               3
         Pinvar              4
         Ratemultiplier      5
         Topology            6
         Brlens              7
         ---------------------

         1 --  Parameter  = Revmat
               Type       = Rates of reversible rate matrix
               Prior      = Fixed(0.94,1.54,0.37,0.64,1.52,1.00)

         2 --  Parameter  = Pi
               Type       = Stationary state frequencies
               Prior      = Fixed

         3 --  Parameter  = Alpha
               Type       = Shape of scaled gamma distribution of site rates
               Prior      = Fixed(0.69)

         4 --  Parameter  = Pinvar
               Type       = Proportion of invariable sites
               Prior      = Fixed(0.35)

         5 --  Parameter  = Ratemultiplier
               Type       = Partition-specific rate multiplier
               Prior      = Fixed(1.0)

         6 --  Parameter  = Tau
               Type       = Topology
               Prior      = All topologies equally probable a priori
               Subparam.  = V

         7 --  Parameter  = V
               Type       = Branch lengths
               Prior      = Unconstrained:GammaDir(1.0,0.1000,1.0,1.0)


      Number of chains per MPI processor = 8

      The MCMC sampler will use the following moves:
         With prob.  Chain will use move
           10.00 %   ExtSPR(Tau,V)
           10.00 %   ExtTBR(Tau,V)
           10.00 %   NNI(Tau,V)
           10.00 %   ParsSPR(Tau,V)
           40.00 %   Multiplier(V)
           14.00 %   Nodeslider(V)
            6.00 %   TLMultiplier(V)

      Division 1 has 17292 unique site patterns
      Initializing conditional likelihoods

      Running benchmarks to automatically select fastest BEAGLE resource... 
      Using BEAGLE v3.1.2 resource 0 for division 1:
         Rsrc Name : CPU
         Impl Name : CPU-4State-Single
         Flags: PROCESSOR_CPU PRECISION_SINGLE COMPUTATION_SYNCH EIGEN_REAL
                SCALING_MANUAL SCALERS_RAW VECTOR_NONE THREADING_CPP         MODEL STATES: 4
      Initializing invariable-site conditional likelihoods
      Resetting starting trees and tree parameters

      Initial log likelihoods and log prior probs for run 1:
         Chain 1 -- -1096320.336770 -- 126.619907
         Chain 2 -- -1109120.680766 -- 126.619907
         Chain 3 -- -1135066.015850 -- 126.619907
         Chain 4 -- -1168966.680010 -- 126.619907

      Initial log likelihoods and log prior probs for run 2:
         Chain 1 -- -1101334.811891 -- 126.619907
         Chain 2 -- -1158396.546760 -- 126.619907
         Chain 3 -- -1145148.090889 -- 126.619907
         Chain 4 -- -1077522.550231 -- 126.619907


      Using a relative burnin of 25.0 % for diagnostics

      Chain results (100000 generations requested):

         0 -- [-1096320.337] (-1109120.681) (-1135066.016) (-1168966.680) * [-1101334.812] (-1158396.547) (-1145148.091) (-1077522.550) (...0 remote chains...) 

      Average standard deviation of split frequencies: 0.112742

      10000 -- (-480775.221) (-480775.319) [-480770.073] (-480823.813) * (-480778.002) [-480761.779] (-480791.531) (-480814.813) (...0 remote chains...) -- 0:41:33

      Average standard deviation of split frequencies: 0.044408


      Average standard deviation of split frequencies: 0.010102

      20000 -- (-480752.468) (-480744.563) [-480738.938] (-480744.367) * (-480757.873) [-480736.756] (-480750.205) (-480769.476) (...0 remote chains...) -- 0:36:40

      Average standard deviation of split frequencies: 0.014939


      Average standard deviation of split frequencies: 0.009959

      30000 -- (-480750.970) (-480743.677) [-480750.150] (-480784.495) * (-480742.236) [-480740.950] (-480758.637) (-480765.559) (...0 remote chains...) -- 0:31:58

      Average standard deviation of split frequencies: 0.006405


      Average standard deviation of split frequencies: 0.009109

      40000 -- (-480745.375) [-480738.600] (-480768.174) (-480760.219) * (-480756.423) (-480770.697) (-480749.965) [-480738.213] (...0 remote chains...) -- 0:27:24

      Average standard deviation of split frequencies: 0.002684


      Average standard deviation of split frequencies: 0.004392

      50000 -- (-480762.323) (-480764.791) [-480734.170] (-480745.187) * (-480745.811) (-480762.857) [-480737.722] (-480751.477) (...0 remote chains...) -- 0:22:46

      Average standard deviation of split frequencies: 0.004467


      Average standard deviation of split frequencies: 0.001981

      60000 -- [-480730.684] (-480747.375) (-480749.006) (-480743.805) * (-480757.582) (-480767.355) (-480745.187) [-480739.916] (...0 remote chains...) -- 0:18:13

      Average standard deviation of split frequencies: 0.002261


      Average standard deviation of split frequencies: 0.000832

      70000 -- (-480751.513) (-480747.525) (-480766.144) [-480738.775] * (-480743.683) (-480775.636) (-480753.888) [-480737.456] (...0 remote chains...) -- 0:13:39

      Average standard deviation of split frequencies: 0.002696


      Average standard deviation of split frequencies: 0.002736

      80000 -- (-480772.530) [-480747.945] (-480767.566) (-480749.288) * [-480757.365] (-480765.337) (-480738.641) (-480756.139) (...0 remote chains...) -- 0:09:07

      Average standard deviation of split frequencies: 0.003750


      Average standard deviation of split frequencies: 0.004799

      90000 -- (-480771.009) (-480778.401) [-480757.346] (-480735.779) * (-480735.527) [-480750.687] (-480739.692) (-480752.515) (...0 remote chains...) -- 0:04:33

      Average standard deviation of split frequencies: 0.002261

      Average standard deviation of split frequencies: 0.001733
      100000 -- [-480741.869] (-480747.351) (-480760.461) (-480763.897) * [-480746.120] (-480735.323) (-480758.668) (-480774.837) (...0 remote chains...) -- 0:00:00

      Average standard deviation of split frequencies: 0.001368

      Analysis completed in 45 mins 32 seconds
      Analysis used 8393.47 seconds of CPU time on processor 0
      Likelihood of best state for "cold" chain of run 1 was -480724.55
      Likelihood of best state for "cold" chain of run 2 was -480724.60

      Acceptance rates for the moves in the "cold" chain of run 1:
         With prob.   (last 100)   chain accepted proposals by move
             0.6 %     (  0 %)     ExtSPR(Tau,V)
             0.6 %     (  0 %)     ExtTBR(Tau,V)
             1.4 %     (  2 %)     NNI(Tau,V)
             1.9 %     (  1 %)     ParsSPR(Tau,V)
            27.0 %     ( 30 %)     Multiplier(V)
            12.2 %     (  9 %)     Nodeslider(V)
             2.3 %     (  3 %)     TLMultiplier(V)

      Acceptance rates for the moves in the "cold" chain of run 2:
         With prob.   (last 100)   chain accepted proposals by move
             0.7 %     (  0 %)     ExtSPR(Tau,V)
             0.7 %     (  0 %)     ExtTBR(Tau,V)
             1.4 %     (  1 %)     NNI(Tau,V)
             1.8 %     (  2 %)     ParsSPR(Tau,V)
            26.8 %     ( 31 %)     Multiplier(V)
            11.7 %     (  9 %)     Nodeslider(V)
             2.5 %     (  1 %)     TLMultiplier(V)

      Chain swap information for run 1:

                  1      2      3      4 
           ------------------------------
         1 |          0.54   0.26   0.12 
         2 |  16508          0.55   0.29 
         3 |  16703  16750          0.57 
         4 |  16706  16425  16908        

      Chain swap information for run 2:

                  1      2      3      4 
           ------------------------------
         1 |          0.55   0.25   0.10 
         2 |  16606          0.54   0.26 
         3 |  16570  16543          0.55 
         4 |  16661  16802  16818        

      Upper diagonal: Proportion of successful state exchanges between chains
      Lower diagonal: Number of attempted state exchanges between chains

      Chain information:

        ID -- Heat 
       -----------
         1 -- 1.00  (cold chain)
         2 -- 0.91 
         3 -- 0.83 
         4 -- 0.77 

      Heat = 1 / (1 + T * (ID - 1))
         (where T = 0.10 is the temperature and ID is the chain number)

      Setting urn-in to 5000
      Setting sumt contype to Allcompat
      Summarizing trees in files "Th67_part1_10_toMrBayes.nex.run1.t" and "Th67_part1_10_toMrBayes.nex.run2.t"
      Using relative burnin ('relburnin=yes'), discarding the first 25 % of sampled trees
      Writing statistics to files Th67_part1_10_toMrBayes.nex.<parts|tstat|vstat|trprobs|con>
      Examining first file ...
      Found one tree block in file "Th67_part1_10_toMrBayes.nex.run1.t" with 101 trees in last block
      Expecting the same number of trees in the last tree block of all files

      Tree reading status:

      0      10      20      30      40      50      60      70      80      90     100
      v-------v-------v-------v-------v-------v-------v-------v-------v-------v-------v
      *********************************************************************************

      Read a total of 202 trees in 2 files (sampling 152 of them)
         (Each file contained 101 trees of which 76 were sampled)
                                                                                   
      General explanation:                                                          
                                                                                   
      In an unrooted tree, a taxon bipartition (split) is specified by removing a   
      branch, thereby dividing the species into those to the left and those to the  
      right of the branch. Here, taxa to one side of the removed branch are denoted 
      '.' and those to the other side are denoted '*'. Specifically, the '.' symbol 
      is used for the taxa on the same side as the outgroup.                        
                                                                                   
      In a rooted or clock tree, the tree is rooted using the model and not by      
      reference to an outgroup. Each bipartition therefore corresponds to a clade,  
      that is, a group that includes all the descendants of a particular branch in  
      the tree.  Taxa that are included in each clade are denoted using '*', and    
      taxa that are not included are denoted using the '.' symbol.                  
                                                                                   
      The output first includes a key to all the bipartitions with frequency larger 
      or equual to (Minpartfreq) in at least one run. Minpartfreq is a parameter to 
      sumt command and currently it is set to 0.10.  This is followed by a table  
      with statistics for the informative bipartitions (those including at least    
      two taxa), sorted from highest to lowest probability. For each bipartition,   
      the table gives the number of times the partition or split was observed in all
      runs (#obs) and the posterior probability of the bipartition (Probab.), which 
      is the same as the split frequency. If several runs are summarized, this is   
      followed by the minimum split frequency (Min(s)), the maximum frequency       
      (Max(s)), and the standard deviation of frequencies (Stddev(s)) across runs.  
      The latter value should approach 0 for all bipartitions as MCMC runs converge.
                                                                                   
      This is followed by a table summarizing branch lengths, node heights (if a    
      clock model was used) and relaxed clock parameters (if a relaxed clock model  
      was used). The mean, variance, and 95 % credible interval are given for each 
      of these parameters. If several runs are summarized, the potential scale      
      reduction factor (PSRF) is also given; it should approach 1 as runs converge. 
      Node heights will take calibration points into account, if such points were   
      used in the analysis.                                                         
                                                                                    
      Note that Stddev may be unreliable if the partition is not present in all     
      runs (the last column indicates the number of runs that sampled the partition 
      if more than one run is summarized). The PSRF is not calculated at all if     
      the partition is not present in all runs.The PSRF is also sensitive to small  
      sample sizes and it should only be considered a rough guide to convergence    
      since some of the assumptions allowing one to interpret it as a true potential
      scale reduction factor are violated in MrBayes.                               
                                                                                    
      List of taxa in bipartitions:                                                 
                                                                                   
         1 -- 01
         2 -- 02
         3 -- 03
         4 -- 04
         5 -- 05
         6 -- 06
         7 -- 07
         8 -- 08
         9 -- 09
        10 -- 10
        11 -- 11
        12 -- 12
        13 -- 13
        14 -- 14
        15 -- 15
        16 -- 16
        17 -- 17
        18 -- 18
        19 -- 19
        20 -- 20
        21 -- 21
        22 -- 22
        23 -- 23
        24 -- 24
        25 -- 25
        26 -- 26
        27 -- 27
        28 -- 28
        29 -- 29
        30 -- 30
        31 -- 31
        32 -- 32
        33 -- 33
        34 -- 34
        35 -- 35
        36 -- 36
        37 -- 37
        38 -- 38
        39 -- 39
        40 -- 40
        41 -- 41
        42 -- 42
        43 -- 43
        44 -- 44
        45 -- 45
        46 -- 46
        47 -- 47
        48 -- 48
        49 -- 49
        50 -- 50
        51 -- 51
        52 -- 52
        53 -- 53
        54 -- 54
        55 -- 55
        56 -- 56
        57 -- 57
        58 -- 58
        59 -- 59
        60 -- 60
        61 -- 61
        62 -- 62
        63 -- 63
        64 -- 64
        65 -- 65
        66 -- 66
        67 -- 67

      Key to taxon bipartitions (saved to file "Th67_part1_10_toMrBayes.nex.parts"):

       ID -- Partition
      --------------------------------------------------------------------------
        1 -- *..................................................................
        2 -- .*.................................................................
        3 -- ..*................................................................
        4 -- ...*...............................................................
        5 -- ....*..............................................................
        6 -- .....*.............................................................
        7 -- ......*............................................................
        8 -- .......*...........................................................
        9 -- ........*..........................................................
       10 -- .........*.........................................................
       11 -- ..........*........................................................
       12 -- ...........*.......................................................
       13 -- ............*......................................................
       14 -- .............*.....................................................
       15 -- ..............*....................................................
       16 -- ...............*...................................................
       17 -- ................*..................................................
       18 -- .................*.................................................
       19 -- ..................*................................................
       20 -- *******************.***********************************************
       21 -- ....................*..............................................
       22 -- .....................*.............................................
       23 -- ......................*............................................
       24 -- .......................*...........................................
       25 -- ........................*..........................................
       26 -- .........................*.........................................
       27 -- ..........................*........................................
       28 -- ...........................*.......................................
       29 -- ............................*......................................
       30 -- .............................*.....................................
       31 -- ..............................*....................................
       32 -- ...............................*...................................
       33 -- ................................*..................................
       34 -- .................................*.................................
       35 -- ..................................*................................
       36 -- ...................................*...............................
       37 -- ....................................*..............................
       38 -- .....................................*.............................
       39 -- ......................................*............................
       40 -- .......................................*...........................
       41 -- ........................................*..........................
       42 -- .........................................*.........................
       43 -- ..........................................*........................
       44 -- ...........................................*.......................
       45 -- ............................................*......................
       46 -- .............................................*.....................
       47 -- ..............................................*....................
       48 -- ...............................................*...................
       49 -- ................................................*..................
       50 -- .................................................*.................
       51 -- ..................................................*................
       52 -- ...................................................*...............
       53 -- ....................................................*..............
       54 -- .....................................................*.............
       55 -- ......................................................*............
       56 -- .......................................................*...........
       57 -- ........................................................*..........
       58 -- .........................................................*.........
       59 -- ..........................................................*........
       60 -- ...........................................................*.......
       61 -- ............................................................*......
       62 -- .............................................................*.....
       63 -- ..............................................................*....
       64 -- ...............................................................*...
       65 -- ................................................................*..
       66 -- .................................................................*.
       67 -- ..................................................................*
       68 -- *...**....*.....**.................................................
       69 -- ......................*..................................*********.
       70 -- ......................*......................................*****.
       71 -- ....................*************************...........**********.
       72 -- ....................***..****************................*********.
       73 -- ..............................................................*.*..
       74 -- .........................................................****......
       75 -- ...........................................................**......
       76 -- *...**..........**.................................................
       77 -- .....*..........*..................................................
       78 -- *....*..........**.................................................
       79 -- ............****...................................................
       80 -- ............**.....................................................
       81 -- .........................................................**........
       82 -- ......................*.......................................****.
       83 -- ....................**...******.*******............................
       84 -- ....................**...**************............................
       85 -- ................................................*****..............
       86 -- ...................................................**..............
       87 -- .............................**....................................
       88 -- ..............**...................................................
       89 -- .............................................**...................*
       90 -- ..............................................*...................*
       91 -- *******************............................******..............
       92 -- .........................................****......................
       93 -- *................*.................................................
       94 -- ......................*........................................*.*.
       95 -- ...............................................................*.*.
       96 -- .....................*...............*.............................
       97 -- ....................**...............*.............................
       98 -- *******************............................********............
       99 -- .....................................................**............
      100 -- .**........*****..*................................................
      101 -- ***.**....*********................................................
      102 -- .............................**...*................................
      103 -- ...........*****..*................................................
      104 -- ...........................*....**.................................
      105 -- .........................*..........*.*............................
      106 -- ...........*......*................................................
      107 -- ...*..*.**.........................................................
      108 -- ..........................................**.......................
      109 -- .**................................................................
      110 -- ..........................................***......................
      111 -- ....................**.....*....**...*.............................
      112 -- .......................................**..........................
      113 -- ....................**...****************..........................
      114 -- ...*..*.*..........................................................
      115 -- ....................**...******.***.***............................
      116 -- ...*....*..........................................................
      117 -- ....................*************************..........***********.
      118 -- .......................**..........................................
      119 -- ................................................**.................
      120 -- .......................**................****...........*..........
      121 -- ....................**...***.**.***.***............................
      122 -- ................................**.................................
      123 -- *******************.*************************..*******************.
      124 -- .......................**................****......................
      125 -- ...*..*.**.....................................*...................
      126 -- ...*..****.....................................*...................
      127 -- *******************............................*...................
      128 -- ..................................................***..............
      129 -- .........................*............*............................
      130 -- ....................**.....*.**.***..*.............................
      131 -- .........................**.........*.*............................
      132 -- ....................**...*.*.**.***.***............................
      133 -- ....................**....**.**.***..*.............................
      134 -- ....................**....**....**...*.............................
      135 -- .........................**..**...*.*.*............................
      --------------------------------------------------------------------------

      Summary statistics for informative taxon bipartitions
         (saved to file "Th67_part1_10_toMrBayes.nex.tstat"):

       ID   #obs    Probab.     Sd(s)+      Min(s)      Max(s)   Nruns 
      -----------------------------------------------------------------
       68   152    1.000000    0.000000    1.000000    1.000000    2
       69   152    1.000000    0.000000    1.000000    1.000000    2
       70   152    1.000000    0.000000    1.000000    1.000000    2
       71   152    1.000000    0.000000    1.000000    1.000000    2
       72   152    1.000000    0.000000    1.000000    1.000000    2
       73   152    1.000000    0.000000    1.000000    1.000000    2
       74   152    1.000000    0.000000    1.000000    1.000000    2
       75   152    1.000000    0.000000    1.000000    1.000000    2
       76   152    1.000000    0.000000    1.000000    1.000000    2
       77   152    1.000000    0.000000    1.000000    1.000000    2
       78   152    1.000000    0.000000    1.000000    1.000000    2
       79   152    1.000000    0.000000    1.000000    1.000000    2
       80   152    1.000000    0.000000    1.000000    1.000000    2
       81   152    1.000000    0.000000    1.000000    1.000000    2
       82   152    1.000000    0.000000    1.000000    1.000000    2
       83   152    1.000000    0.000000    1.000000    1.000000    2
       84   152    1.000000    0.000000    1.000000    1.000000    2
       85   152    1.000000    0.000000    1.000000    1.000000    2
       86   152    1.000000    0.000000    1.000000    1.000000    2
       87   152    1.000000    0.000000    1.000000    1.000000    2
       88   152    1.000000    0.000000    1.000000    1.000000    2
       89   152    1.000000    0.000000    1.000000    1.000000    2
       90   152    1.000000    0.000000    1.000000    1.000000    2
       91   152    1.000000    0.000000    1.000000    1.000000    2
       92   152    1.000000    0.000000    1.000000    1.000000    2
       93   152    1.000000    0.000000    1.000000    1.000000    2
       94   152    1.000000    0.000000    1.000000    1.000000    2
       95   152    1.000000    0.000000    1.000000    1.000000    2
       96   152    1.000000    0.000000    1.000000    1.000000    2
       97   152    1.000000    0.000000    1.000000    1.000000    2
       98   152    1.000000    0.000000    1.000000    1.000000    2
       99   152    1.000000    0.000000    1.000000    1.000000    2
      100   152    1.000000    0.000000    1.000000    1.000000    2
      101   152    1.000000    0.000000    1.000000    1.000000    2
      102   152    1.000000    0.000000    1.000000    1.000000    2
      103   152    1.000000    0.000000    1.000000    1.000000    2
      104   152    1.000000    0.000000    1.000000    1.000000    2
      105   152    1.000000    0.000000    1.000000    1.000000    2
      106   152    1.000000    0.000000    1.000000    1.000000    2
      107   152    1.000000    0.000000    1.000000    1.000000    2
      108   152    1.000000    0.000000    1.000000    1.000000    2
      109   152    1.000000    0.000000    1.000000    1.000000    2
      110   152    1.000000    0.000000    1.000000    1.000000    2
      111   152    1.000000    0.000000    1.000000    1.000000    2
      112   152    1.000000    0.000000    1.000000    1.000000    2
      113   152    1.000000    0.000000    1.000000    1.000000    2
      114   152    1.000000    0.000000    1.000000    1.000000    2
      115   152    1.000000    0.000000    1.000000    1.000000    2
      116   152    1.000000    0.000000    1.000000    1.000000    2
      117   152    1.000000    0.000000    1.000000    1.000000    2
      118   152    1.000000    0.000000    1.000000    1.000000    2
      119   152    1.000000    0.000000    1.000000    1.000000    2
      120   152    1.000000    0.000000    1.000000    1.000000    2
      121   152    1.000000    0.000000    1.000000    1.000000    2
      122   152    1.000000    0.000000    1.000000    1.000000    2
      123   152    1.000000    0.000000    1.000000    1.000000    2
      124   152    1.000000    0.000000    1.000000    1.000000    2
      125   152    1.000000    0.000000    1.000000    1.000000    2
      126   152    1.000000    0.000000    1.000000    1.000000    2
      127   152    1.000000    0.000000    1.000000    1.000000    2
      128   150    0.986842    0.000000    0.986842    0.986842    2
      129   145    0.953947    0.009304    0.947368    0.960526    2
      130    76    0.500000    0.000000    0.500000    0.500000    2
      131    71    0.467105    0.009304    0.460526    0.473684    2
      132    41    0.269737    0.027912    0.250000    0.289474    2
      133    39    0.256579    0.009304    0.250000    0.263158    2
      134    35    0.230263    0.009304    0.223684    0.236842    2
      135    25    0.164474    0.027912    0.144737    0.184211    2
      -----------------------------------------------------------------
      + Convergence diagnostic (standard deviation of split frequencies)
        should approach 0.0 as runs converge.


      Summary statistics for branch and node parameters
         (saved to file "Th67_part1_10_toMrBayes.nex.vstat"):

                                               95% HPD Interval
                                             --------------------
      Parameter       Mean       Variance     Lower       Upper       Median     PSRF+  Nruns
      ---------------------------------------------------------------------------------------
      length[1]      0.000025    0.000000    0.000006    0.000049    0.000022    1.038    2
      length[2]      0.000020    0.000000    0.000004    0.000049    0.000017    0.993    2
      length[3]      0.000040    0.000000    0.000009    0.000069    0.000039    0.994    2
      length[4]      0.000022    0.000000    0.000003    0.000046    0.000020    0.994    2
      length[5]      0.000007    0.000000    0.000000    0.000020    0.000006    0.994    2
      length[6]      0.000045    0.000000    0.000013    0.000075    0.000043    0.996    2
      length[7]      0.000312    0.000000    0.000217    0.000381    0.000315    1.016    2
      length[8]      0.000775    0.000000    0.000653    0.000903    0.000768    0.993    2
      length[9]      0.000037    0.000000    0.000011    0.000064    0.000036    0.996    2
      length[10]     0.000413    0.000000    0.000301    0.000511    0.000414    1.014    2
      length[11]     0.001119    0.000000    0.000925    0.001272    0.001113    1.021    2
      length[12]     0.000079    0.000000    0.000037    0.000129    0.000076    0.998    2
      length[13]     0.000009    0.000000    0.000000    0.000023    0.000007    1.036    2
      length[14]     0.000008    0.000000    0.000000    0.000023    0.000005    0.995    2
      length[15]     0.000008    0.000000    0.000000    0.000023    0.000006    1.038    2
      length[16]     0.000083    0.000000    0.000036    0.000134    0.000083    0.998    2
      length[17]     0.000033    0.000000    0.000006    0.000063    0.000030    1.001    2
      length[18]     0.000006    0.000000    0.000000    0.000020    0.000004    1.000    2
      length[19]     0.000058    0.000000    0.000013    0.000096    0.000055    0.997    2
      length[20]     0.087939    0.000001    0.086192    0.089865    0.087926    0.994    2
      length[21]     0.000417    0.000000    0.000311    0.000517    0.000412    1.009    2
      length[22]     0.000334    0.000000    0.000267    0.000446    0.000330    0.998    2
      length[23]     0.004070    0.000000    0.003704    0.004340    0.004072    1.013    2
      length[24]     0.000203    0.000000    0.000130    0.000276    0.000200    0.996    2
      length[25]     0.000236    0.000000    0.000160    0.000310    0.000238    1.010    2
      length[26]     0.000248    0.000000    0.000168    0.000342    0.000248    1.010    2
      length[27]     0.001014    0.000000    0.000881    0.001192    0.001012    1.065    2
      length[28]     0.000243    0.000000    0.000168    0.000325    0.000237    0.994    2
      length[29]     0.003427    0.000000    0.003072    0.003708    0.003432    1.044    2
      length[30]     0.000183    0.000000    0.000117    0.000249    0.000181    0.995    2
      length[31]     0.000328    0.000000    0.000217    0.000422    0.000326    0.995    2
      length[32]     0.003986    0.000000    0.003641    0.004273    0.003980    1.012    2
      length[33]     0.000010    0.000000    0.000000    0.000027    0.000007    0.995    2
      length[34]     0.000041    0.000000    0.000013    0.000069    0.000040    0.997    2
      length[35]     0.001187    0.000000    0.001024    0.001330    0.001183    0.994    2
      length[36]     0.007375    0.000000    0.006939    0.007815    0.007348    1.007    2
      length[37]     0.000196    0.000000    0.000105    0.000274    0.000190    1.003    2
      length[38]     0.000244    0.000000    0.000163    0.000322    0.000243    0.993    2
      length[39]     0.000188    0.000000    0.000106    0.000258    0.000185    0.994    2
      length[40]     0.005993    0.000000    0.005633    0.006496    0.006015    0.996    2
      length[41]     0.009210    0.000000    0.008654    0.009847    0.009204    1.039    2
      length[42]     0.004203    0.000000    0.003875    0.004585    0.004202    1.026    2
      length[43]     0.000150    0.000000    0.000092    0.000234    0.000142    0.993    2
      length[44]     0.000454    0.000000    0.000347    0.000557    0.000457    1.006    2
      length[45]     0.003063    0.000000    0.002758    0.003294    0.003079    1.024    2
      length[46]     0.000730    0.000000    0.000559    0.000884    0.000722    0.999    2
      length[47]     0.000369    0.000000    0.000291    0.000487    0.000366    0.996    2
      length[48]     0.000551    0.000000    0.000402    0.000648    0.000548    0.998    2
      length[49]     0.000408    0.000000    0.000307    0.000534    0.000401    0.994    2
      length[50]     0.000517    0.000000    0.000404    0.000608    0.000510    0.994    2
      length[51]     0.000900    0.000000    0.000737    0.001062    0.000897    0.995    2
      length[52]     0.000008    0.000000    0.000000    0.000022    0.000005    0.995    2
      length[53]     0.000007    0.000000    0.000000    0.000023    0.000005    1.017    2
      length[54]     0.001631    0.000000    0.001399    0.001816    0.001648    1.013    2
      length[55]     0.001834    0.000000    0.001638    0.002092    0.001818    1.011    2
      length[56]     0.016453    0.000000    0.015327    0.017044    0.016399    1.036    2
      length[57]     0.009806    0.000000    0.009264    0.010356    0.009773    1.010    2
      length[58]     0.000614    0.000000    0.000473    0.000738    0.000615    0.996    2
      length[59]     0.000595    0.000000    0.000460    0.000702    0.000595    1.025    2
      length[60]     0.000308    0.000000    0.000215    0.000387    0.000308    1.010    2
      length[61]     0.000463    0.000000    0.000330    0.000590    0.000463    0.995    2
      length[62]     0.005301    0.000000    0.004925    0.005714    0.005323    1.030    2
      length[63]     0.005865    0.000000    0.005443    0.006133    0.005873    1.056    2
      length[64]     0.003376    0.000000    0.003091    0.003745    0.003385    1.115    2
      length[65]     0.003668    0.000000    0.003313    0.003909    0.003685    1.021    2
      length[66]     0.003221    0.000000    0.002954    0.003505    0.003229    0.999    2
      length[67]     0.000605    0.000000    0.000493    0.000761    0.000602    1.001    2
      length[68]     0.000224    0.000000    0.000144    0.000319    0.000221    1.023    2
      length[69]     0.005774    0.000000    0.005482    0.006066    0.005784    1.059    2
      length[70]     0.000418    0.000000    0.000321    0.000575    0.000415    0.997    2
      length[71]     0.005879    0.000000    0.005354    0.006271    0.005888    1.009    2
      length[72]     0.011310    0.000000    0.010820    0.011917    0.011291    0.996    2
      length[73]     0.003593    0.000000    0.003239    0.003934    0.003581    1.035    2
      length[74]     0.001979    0.000000    0.001713    0.002135    0.001981    0.994    2
      length[75]     0.003377    0.000000    0.003048    0.003722    0.003367    0.993    2
      length[76]     0.000601    0.000000    0.000454    0.000694    0.000604    1.017    2
      length[77]     0.000046    0.000000    0.000015    0.000088    0.000045    1.016    2
      length[78]     0.000078    0.000000    0.000029    0.000118    0.000075    1.000    2
      length[79]     0.000250    0.000000    0.000158    0.000325    0.000248    1.008    2
      length[80]     0.000086    0.000000    0.000035    0.000130    0.000082    0.993    2
      length[81]     0.003083    0.000000    0.002718    0.003344    0.003083    1.048    2
      length[82]     0.000235    0.000000    0.000141    0.000316    0.000237    1.025    2
      length[83]     0.000290    0.000000    0.000162    0.000379    0.000290    0.994    2
      length[84]     0.004674    0.000000    0.004393    0.004994    0.004649    0.994    2
      length[85]     0.000470    0.000000    0.000345    0.000592    0.000468    1.005    2
      length[86]     0.000964    0.000000    0.000741    0.001149    0.000957    0.994    2
      length[87]     0.001109    0.000000    0.000891    0.001273    0.001087    0.994    2
      length[88]     0.000108    0.000000    0.000058    0.000159    0.000106    0.997    2
      length[89]     0.010603    0.000000    0.009825    0.011233    0.010633    1.016    2
      length[90]     0.000536    0.000000    0.000410    0.000654    0.000535    0.994    2
      length[91]     0.000780    0.000000    0.000647    0.001014    0.000773    0.995    2
      length[92]     0.004550    0.000000    0.004165    0.004896    0.004560    0.994    2
      length[93]     0.000035    0.000000    0.000006    0.000068    0.000032    0.997    2
      length[94]     0.000378    0.000000    0.000252    0.000476    0.000381    1.006    2
      length[95]     0.001480    0.000000    0.001266    0.001739    0.001476    0.997    2
      length[96]     0.000301    0.000000    0.000193    0.000379    0.000295    1.016    2
      length[97]     0.000368    0.000000    0.000266    0.000484    0.000357    1.017    2
      length[98]     0.025321    0.000000    0.024142    0.026255    0.025370    1.020    2
      length[99]     0.000765    0.000000    0.000608    0.000929    0.000755    0.997    2
      length[100]    0.000685    0.000000    0.000545    0.000819    0.000682    1.031    2
      length[101]    0.000142    0.000000    0.000069    0.000206    0.000140    1.000    2
      length[102]    0.000137    0.000000    0.000075    0.000199    0.000136    0.995    2
      length[103]    0.000250    0.000000    0.000165    0.000339    0.000246    1.018    2
      length[104]    0.000536    0.000000    0.000377    0.000642    0.000535    0.994    2
      length[105]    0.000744    0.000000    0.000587    0.000893    0.000748    0.994    2
      length[106]    0.000181    0.000000    0.000123    0.000252    0.000180    0.994    2
      length[107]    0.000230    0.000000    0.000126    0.000307    0.000228    0.994    2
      length[108]    0.002392    0.000000    0.002088    0.002599    0.002397    0.994    2
      length[109]    0.000383    0.000000    0.000308    0.000470    0.000384    0.998    2
      length[110]    0.000514    0.000000    0.000383    0.000647    0.000506    0.995    2
      length[111]    0.000106    0.000000    0.000042    0.000153    0.000103    0.993    2
      length[112]    0.001889    0.000000    0.001558    0.002102    0.001896    0.994    2
      length[113]    0.002807    0.000000    0.002519    0.003230    0.002768    0.996    2
      length[114]    0.000154    0.000000    0.000090    0.000223    0.000152    0.998    2
      length[115]    0.001746    0.000000    0.001522    0.001968    0.001750    0.998    2
      length[116]    0.000141    0.000000    0.000083    0.000205    0.000139    1.012    2
      length[117]    0.010564    0.000000    0.009837    0.011225    0.010557    1.041    2
      length[118]    0.012240    0.000000    0.011815    0.012770    0.012231    1.008    2
      length[119]    0.000865    0.000000    0.000721    0.001002    0.000867    1.007    2
      length[120]    0.002763    0.000000    0.002463    0.003093    0.002768    0.996    2
      length[121]    0.001893    0.000000    0.001629    0.002189    0.001877    1.019    2
      length[122]    0.000341    0.000000    0.000251    0.000434    0.000343    0.998    2
      length[123]    0.018247    0.000000    0.016904    0.019381    0.018171    0.993    2
      length[124]    0.001946    0.000000    0.001739    0.002215    0.001922    0.995    2
      length[125]    0.000595    0.000000    0.000464    0.000756    0.000594    1.028    2
      length[126]    0.000277    0.000000    0.000186    0.000354    0.000278    0.993    2
      length[127]    0.000205    0.000000    0.000131    0.000285    0.000200    1.047    2
      length[128]    0.000087    0.000000    0.000045    0.000145    0.000081    0.997    2
      length[129]    0.000052    0.000000    0.000017    0.000089    0.000050    0.996    2
      length[130]    0.000021    0.000000    0.000000    0.000062    0.000017    0.987    2
      length[131]    0.000042    0.000000    0.000013    0.000083    0.000037    0.987    2
      length[132]    0.000060    0.000000    0.000015    0.000105    0.000056    1.013    2
      length[133]    0.000043    0.000000    0.000004    0.000075    0.000040    0.987    2
      length[134]    0.000018    0.000000    0.000002    0.000047    0.000013    1.016    2
      length[135]    0.000019    0.000000    0.000005    0.000050    0.000016    0.960    2
      ---------------------------------------------------------------------------------------
      + Convergence diagnostic (PSRF = Potential Scale Reduction Factor; Gelman
        and Rubin, 1992) should approach 1.0 as runs converge. NA is reported when
        deviation of parameter values within all runs is 0 or when a parameter
        value (a branch length, for instance) is not sampled in all runs.


      Summary statistics for partitions with frequency >= 0.10 in at least one run:
          Average standard deviation of split frequencies = 0.001368
          Maximum standard deviation of split frequencies = 0.027912
          Average PSRF for parameter values (excluding NA and >10.0) = 1.007
          Maximum PSRF for parameter values = 1.115


      Clade credibility values:

      /----------------------------------------------------------------------- 20 (20)
      |                                                                               
      |                                                            /---------- 46 (46)
      |                                                            |                  
      |-----------------------------100----------------------------+    /----- 47 (47)
      |                                                            \-100+             
      |                                                                 \----- 67 (67)
      |                                                                               
      |                                                                 /----- 01 (1)
      |                                                            /-100+             
      |                                                            |    \----- 18 (18)
      |                                                       /-100+                  
      |                                                       |    |    /----- 06 (6)
      |                                                       |    \-100+             
      |                                                  /-100+         \----- 17 (17)
      |                                                  |    |                       
      |                                             /-100+    \--------------- 05 (5)
      |                                             |    |                            
      |                                             |    \-------------------- 11 (11)
      |                                             |                                 
      |                                             |                   /----- 02 (2)
      |                                        /-100+    /------100-----+             
      |                                        |    |    |              \----- 03 (3)
      |                                        |    |    |                            
      |                                        |    |    |              /----- 12 (12)
      |                                        |    \-100+    /---100---+             
      |                                        |         |    |         \----- 19 (19)
      |                                        |         |    |                       
      |                                        |         \-100+         /----- 13 (13)
      |                                        |              |    /-100+             
      |                                        |              |    |    \----- 14 (14)
      |                                        |              \-100+                  
      |                                        |                   |    /----- 15 (15)
      |                                   /-100+                   \-100+             
      |                                   |    |                        \----- 16 (16)
      |                                   |    |                                      
      |                                   |    |                        /----- 04 (4)
      |                                   |    |                   /-100+             
      |                                   |    |                   |    \----- 09 (9)
      |                                   |    |              /-100+                  
      |                                   |    |              |    \---------- 07 (7)
      |                                   |    |         /-100+                       
      |                                   |    |         |    \--------------- 10 (10)
      |                             /-100-+    |    /-100+                            
      +                             |     |    |    |    \-------------------- 48 (48)
      |                             |     |    \-100+                                 
      |                             |     |         \------------------------- 08 (8)
      |                             |     |                                           
      |                             |     |                             /----- 49 (49)
      |                             |     |                   /---100---+             
      |                             |     |                   |         \----- 50 (50)
      |    /-----------100----------+     |                   |                       
      |    |                        |     \--------100--------+    /---------- 51 (51)
      |    |                        |                         |    |                  
      |    |                        |                         \-99-+    /----- 52 (52)
      |    |                        |                              \-100+             
      |    |                        |                                   \----- 53 (53)
      |    |                        |                                                 
      |    |                        |                                   /----- 54 (54)
      |    |                        \----------------100----------------+             
      |    |                                                            \----- 55 (55)
      |    |                                                                          
      |    |                                                       /---------- 21 (21)
      |    |                                                       |                  
      |    |                                                  /-100+    /----- 22 (22)
      |    |                                                  |    \-100+             
      |    |                                                  |         \----- 38 (38)
      |    |                                             /-100+                       
      |    |                                             |    |    /---------- 28 (28)
      |    |                                             |    |    |                  
      |    |                                             |    \-100+    /----- 33 (33)
      |    |                                             |         \-100+             
      |    |                                        /-50-+              \----- 34 (34)
      |    |                                        |    |                            
      |    |                                        |    |              /----- 30 (30)
      |    |                                        |    |         /-100+             
      |    |                                        |    |         |    \----- 31 (31)
      |    |                                        |    \---100---+                  
      |    |                                        |              \---------- 35 (35)
      |    |                                   /-100+                                 
      |    |                                   |    |                   /----- 26 (26)
      |    |                                   |    |              /-95-+             
      |    |                                   |    |              |    \----- 39 (39)
      |    |                                   |    |         /-100+                  
      |    |                              /-100+    |         |    \---------- 37 (37)
      |    |                              |    |    \----47---+                       
      |    |                              |    |              \--------------- 27 (27)
      \-100+                        /-100-+    |                                      
           |                        |     |    \------------------------------ 29 (29)
           |                        |     |                                           
           |                   /-100+     \----------------------------------- 36 (36)
           |                   |    |                                                 
           |                   |    \----------------------------------------- 32 (32)
           |              /-100+                                                      
           |              |    |                                        /----- 40 (40)
           |              |    \-------------------100------------------+             
           |              |                                             \----- 41 (41)
           |              |                                                           
           |              |                                        /---------- 23 (23)
           |              |                                        |                  
           |              |                                   /-100+    /----- 64 (64)
           |              |                                   |    \-100+             
           |         /-100+                                   |         \----- 66 (66)
           |         |    |                              /-100+                       
           |         |    |                              |    |         /----- 63 (63)
           |         |    |                              |    \---100---+             
           |         |    |                         /-100+              \----- 65 (65)
           |         |    |                         |    |                            
           |         |    |                         |    \-------------------- 62 (62)
           |         |    |                         |                                 
           |         |    \-----------100-----------+                   /----- 58 (58)
           |         |                              |              /-100+             
           |         |                              |              |    \----- 59 (59)
           |         |                              \------100-----+                  
           |    /-100+                                             |    /----- 60 (60)
           |    |    |                                             \-100+             
           |    |    |                                                  \----- 61 (61)
           |    |    |                                                                
           |    |    |                                                  /----- 24 (24)
           |    |    |                                   /------100-----+             
           |    |    |                                   |              \----- 25 (25)
           |    |    |                                   |                            
           |    |    |                              /-100+    /--------------- 42 (42)
           \-100+    |                              |    |    |                       
                |    |                              |    |    |         /----- 43 (43)
                |    |                              |    \-100+    /-100+             
                |    \--------------100-------------+         |    |    \----- 44 (44)
                |                                   |         \-100+                  
                |                                   |              \---------- 45 (45)
                |                                   |                                 
                |                                   \------------------------- 57 (57)
                |                                                                     
                \------------------------------------------------------------- 56 (56)
                                                                                      

      Phylogram (based on average branch lengths):

      /----------------------------------------------------------------------- 20 (20)
      |                                                                               
      |        / 46 (46)
      |        |                                                                      
      |--------+ 47 (47)
      |        |                                                                      
      |        \- 67 (67)
      |                                                                               
      |                                    / 01 (1)
      |                                    |                                          
      |                                    | 18 (18)
      |                                    |                                          
      |                                    | 06 (6)
      |                                    |                                          
      |                                   /+ 17 (17)
      |                                   ||                                          
      |                                   |\ 05 (5)
      |                                   |                                           
      |                                   |- 11 (11)
      |                                   |                                           
      |                                   |/ 02 (2)
      |                                   ||                                          
      |                                   || 03 (3)
      |                                   ||                                          
      |                                   || 12 (12)
      |                                   |+                                          
      |                                   || 19 (19)
      |                                   ||                                          
      |                                   || 13 (13)
      |                                   ||                                          
      |                                   || 14 (14)
      |                                   ||                                          
      |                                   || 15 (15)
      |                                   ||                                          
      |                                   |\ 16 (16)
      |                                   |                                           
      |                                   |/ 04 (4)
      |                                   ||                                          
      |                                   || 09 (9)
      |                                   ||                                          
      |                                   || 07 (7)
      |                                   ||                                          
      |                                   || 10 (10)
      |                                  /++                                          
      +                                  ||\ 48 (48)
      |                                  ||                                           
      |                                  ||- 08 (8)
      |                                  ||                                           
      |                                  ||/ 49 (49)
      |                                  ||+                                          
      |                                  ||\ 50 (50)
      |              /-------------------+|                                           
      |              |                   ||- 51 (51)
      |              |                   ||                                           
      |              |                   ||/ 52 (52)
      |              |                   |\+                                          
      |              |                   | \ 53 (53)
      |              |                   |                                            
      |              |                   |/- 54 (54)
      |              |                   \+                                           
      |              |                    \- 55 (55)
      |              |                                                                
      |              |                               / 21 (21)
      |              |                               |                                
      |              |                              /+ 22 (22)
      |              |                              ||                                
      |              |                              |\ 38 (38)
      |              |                              |                                 
      |              |                              |/ 28 (28)
      |              |                              ||                                
      |              |                              |+ 33 (33)
      |              |                              ||                                
      |              |                              |\ 34 (34)
      |              |                              |                                 
      |              |                              |/ 30 (30)
      |              |                              |+                                
      |              |                              |\ 31 (31)
      |              |                              |                                 
      |              |                              |- 35 (35)
      |              |                             /+                                 
      |              |                             ||/ 26 (26)
      |              |                             |||                                
      |              |                             ||| 39 (39)
      |              |                             ||+                                
      |              |                           /-+|\ 37 (37)
      |              |                           | ||                                 
      |              |                           | |\- 27 (27)
      \--------------+                           | |                                  
                     |                           | \-- 29 (29)
                     |                           |                                    
                     |                       /---+------ 36 (36)
                     |                       |   |                                    
                     |                       |   \--- 32 (32)
                     |                     /-+                                        
                     |                     | | /----- 40 (40)
                     |                     | \-+                                      
                     |                     |   \------- 41 (41)
                     |                     |                                          
                     |                     |     /--- 23 (23)
                     |                     |     |                                    
                     |                     |    /+/-- 64 (64)
                     |                     |    |\+                                   
                     |            /--------+    | \-- 66 (66)
                     |            |        |    |                                     
                     |            |        |    |  /----- 63 (63)
                     |            |        |    |--+                                  
                     |            |        |    |  \--- 65 (65)
                     |            |        |    |                                     
                     |            |        |    |---- 62 (62)
                     |            |        |    |                                     
                     |            |        \----+   / 58 (58)
                     |            |             |/--+                                 
                     |            |             ||  \ 59 (59)
                     |            |             \+                                    
                     |       /----+              |  / 60 (60)
                     |       |    |              \--+                                 
                     |       |    |                 \ 61 (61)
                     |       |    |                                                   
                     |       |    |             / 24 (24)
                     |       |    |   /---------+                                     
                     |       |    |   |         \ 25 (25)
                     |       |    |   |                                               
                     |       |    | /-+  /---- 42 (42)
                     \-------+    | | |  |                                            
                             |    | | |  |  / 43 (43)
                             |    | | \--+/-+                                         
                             |    \-+    || \ 44 (44)
                             |      |    \+                                           
                             |      |     \-- 45 (45)
                             |      |                                                 
                             |      \-------- 57 (57)
                             |                                                        
                             \------------- 56 (56)
                                                                                      
      |-------| 0.010 expected changes per site

                                                                                                                                                                                                                                                                                                                                                                                                                                                                                                                                                                                                                                                                                                                                                                                                                                          Calculating tree probabilities...

      Credible sets of trees (15 trees sampled):
         50 % credible set contains 3 trees
         90 % credible set contains 6 trees
         95 % credible set contains 9 trees
         99 % credible set contains 14 trees

      Setting burn-in to 5000
      Summarizing parameters in files Th67_part1_10_toMrBayes.nex.run1.p and Th67_part1_10_toMrBayes.nex.run2.p
      Writing summary statistics to file Th67_part1_10_toMrBayes.nex.pstat
      Using relative burnin ('relburnin=yes'), discarding the first 25 % of samples

      Below are rough plots of the generation (x-axis) versus the log   
      probability of observing the data (y-axis). You can use these     
      graphs to determine what the burn in for your analysis should be. 
      When the log probability starts to plateau you may be at station- 
      arity. Sample trees and parameters after the log probability      
      plateaus. Of course, this is not a guarantee that you are at sta- 
      tionarity. Also examine the convergence diagnostics provided by   
      the 'sump' and 'sumt' commands for all the parameters in your     
      model. Remember that the burn in is the number of samples to dis- 
      card. There are a total of ngen / samplefreq samples taken during 
      a MCMC analysis.                                                  

      Overlay plot for both runs:
      (1 = Run number 1; 2 = Run number 2; * = Both runs)

      +------------------------------------------------------------+ -480724.60
      |                                  1                         |
      |                                                            |
      |          1         22           121             22         |
      |           1 22    2                      11            2   |
      |                          1     12  12          2      2  1 |
      |   2    1 222       1 12    12     22   2                  1|
      |   12    1     2 22           *           2  21*     12 1   |
      | 22    1           1    2 212  2       112 21      2     1  |
      | 1   1      11   1     1 2      2        1       11    1   2|
      |1     12        2                     1      12 1   * 1     |
      |2 1 1   22           12 1    1 1       2           1 2   2  |
      |      2       111 1                         2               |
      |     2                               1                      |
      |                         1            2                     |
      |                           2                              2 |
      +------+-----+-----+-----+-----+-----+-----+-----+-----+-----+ -480766.00
      ^                                                            ^
      25000                                                        100000


      Estimated marginal likelihoods for runs sampled in files
         "Th67_part1_10_toMrBayes.nex.run1.p" and "Th67_part1_10_toMrBayes.nex.run2.p":
         (Use the harmonic mean for Bayes factor comparisons of models)

         (Values are saved to the file Th67_part1_10_toMrBayes.nex.lstat)

      Run   Arithmetic mean   Harmonic mean
      --------------------------------------
        1     -480728.92        -480761.13
        2     -480731.59        -480761.81
      --------------------------------------
      TOTAL   -480729.55        -480761.53
      --------------------------------------


      Model parameter summaries over the runs sampled in files
         "Th67_part1_10_toMrBayes.nex.run1.p" and "Th67_part1_10_toMrBayes.nex.run2.p":
         Summaries are based on a total of 152 samples from 2 runs.
         Each run produced 101 samples of which 76 samples were included.
         Parameter summaries saved to file "Th67_part1_10_toMrBayes.nex.pstat".

                                            95% HPD Interval
                                          --------------------
      Parameter      Mean      Variance     Lower       Upper       Median    min ESS*  avg ESS    PSRF+ 
      --------------------------------------------------------------------------------------------------
      TL          0.348117    0.000005    0.343202    0.351800    0.348177     76.00     76.00    1.011
      --------------------------------------------------------------------------------------------------
      * Convergence diagnostic (ESS = Estimated Sample Size); min and avg values
        correspond to minimal and average ESS among runs. 
        ESS value below 100 may indicate that the parameter is undersampled. 
      + Convergence diagnostic (PSRF = Potential Scale Reduction Factor; Gelman
        and Rubin, 1992) should approach 1.0 as runs converge.


   Exiting mrbayes block
   Reading mrbayes block
      Deleting previously defined characters
      Deleting previously defined taxa
   Quitting program


   Tasks completed, exiting program because mode is noninteractive
   To return control to the command line after completion of file processing, 
   set mode to interactive with 'mb -i <filename>' (i is for interactive)
   or use 'set mode=interactive'

